2025-05-17 22:58:43,657 -report - INFO:определяет дату окончания периода
2025-05-17 22:58:43,661 -report - INFO:определяет дату начала периода
2025-05-17 22:58:43,662 -report - INFO:фильтрует операции относящиеся к заданному периоду от 2021-10-02 00:00:00 до 2021-12-31 16:44:00
2025-05-17 22:58:43,662 -report - INFO:формирует датафрейм из списка транзакций
2025-05-17 22:58:43,663 -report - INFO:фильтрует операции по категории Аптеки
2025-05-17 22:58:43,667 -report - INFO:формирует Json ответ
2025-05-17 22:58:43,671 -report - INFO:определяет дату окончания периода
2025-05-17 22:58:43,671 -report - INFO:определяет дату окончания периода
2025-05-17 22:58:43,671 -report - INFO:формирует словарь списка транзакций из датафрейма
2025-05-17 22:58:43,672 -report - INFO:фильтрует операции относящиеся к заданному периоду от 2021-10-02 00:00:00 до 2021-12-31 16:44:00
2025-05-17 22:58:43,672 -report - INFO:формирует датафрейм из списка транзакций
2025-05-17 22:58:43,673 -report - INFO:группирует по дням недели и агрегирует по среднему значению
2025-05-17 22:58:43,677 -report - INFO:формирует словарь с результатами
2025-05-17 22:58:43,678 -report - INFO:формирует Json ответ
2025-05-17 22:58:43,680 -report - INFO:определяет дату окончания периода
2025-05-17 22:58:43,680 -report - INFO:определяет дату начала периода
2025-05-17 22:58:43,680 -report - INFO:формирует словарь списка транзакций из датафрейма
2025-05-17 22:58:43,681 -report - INFO:фильтрует операции относящиеся к заданному периоду от 2021-10-02 00:00:00 до 2021-12-31 16:44:00
2025-05-17 22:58:43,682 -report - INFO:формирует датафрейм из списка транзакций
2025-05-17 22:58:43,682 -report - INFO:фильтрует транзакции по типу дня недели
2025-05-17 22:58:43,686 -report - INFO:формирует словарь с результатами
2025-05-17 22:58:43,686 -report - INFO:формирует Json ответ
