2025-05-12 22:50:37,232 -utils - INFO:определяет дату начала периода
2025-05-12 22:50:37,233 -utils - INFO:определяет дату окончания периода
2025-05-12 22:50:37,233 -utils - INFO:фильтрует операции относящиеся к заданному периоду от 2019-07-01 00:00:00 до 2019-07-31 23:59:00
2025-05-12 22:50:37,233 -utils - INFO:формирует датафрейм из списка транзакций
2025-05-12 22:50:37,234 -utils - INFO:группирует транзакции по категориям и сортируер по сумме кэшбека
2025-05-12 22:50:37,245 -utils - INFO:формирует словарь результатов
2025-05-12 22:50:37,245 -utils - INFO:формирует Json ответ
2025-05-12 22:50:37,249 -utils - INFO:определяет дату начала периода
2025-05-12 22:50:37,249 -utils - INFO:определяет дату окончания периода
2025-05-12 22:50:37,249 -utils - INFO:фильтрует операции относящиеся к заданному периоду от 2019-07-01 00:00:00 до 2019-07-31 23:59:00
2025-05-12 22:50:37,249 -utils - INFO:формирует датафрейм из списка транзакций
2025-05-12 22:50:37,249 -utils - INFO:филььтрует транзакции относящиеся к расходам
2025-05-12 22:50:37,251 -utils - INFO:вычисляет сумму округления по каждой транзакции до заданного лимита
2025-05-12 22:50:37,253 -utils - INFO:вычисляет сумму окгрулений за период
2025-05-12 22:50:37,254 -utils - INFO:формирует Json ответ
2025-05-12 22:50:37,256 -utils - INFO:формирует шаблон для поиска по заданной строке запроса
2025-05-12 22:50:37,256 -utils - INFO:осуществляет поиск и формирует список транзакций
2025-05-12 22:50:37,256 -utils - INFO:формирует Json ответ
2025-05-12 22:50:37,258 -utils - INFO:формирует шаблон для поиска по заданной строке запроса
2025-05-12 22:50:37,258 -utils - INFO:осуществляет поиск и формирует список транзакций
2025-05-12 22:50:37,258 -utils - INFO:формирует Json ответ
2025-05-12 22:50:37,260 -utils - INFO:формирует шаблон для поиска телефонного номера в строке
2025-05-12 22:50:37,260 -utils - INFO:осуществляет поиск и формирует список транзакций
2025-05-12 22:50:37,261 -utils - INFO:формирует Json ответ
2025-05-12 22:50:37,262 -utils - INFO:формирует шаблон для отбора категории Переводы
2025-05-12 22:50:37,262 -utils - INFO:формирует шаблон для отбора переводов фл
2025-05-12 22:50:37,262 -utils - INFO:осуществляет поиск и формирует список транзакций
2025-05-12 22:50:37,262 -utils - INFO:формирует Json ответ
