2025-05-13 06:06:24,795 -utils - INFO:определяет даты начала периода для формирования диапазона данных
2025-05-13 06:06:24,800 -utils - INFO:Приветствует пользователя с учетом времени суток
2025-05-13 06:06:24,802 -utils - INFO:Определяет дату старта периода для выбора данных
2025-05-13 06:06:24,802 -utils - INFO:определяет даты начала периода для формирования диапазона данных
2025-05-13 06:06:24,802 -utils - INFO:Определяет дату окончания периода для выбора данных
2025-05-13 06:06:24,802 -utils - INFO:выбирает транзакции проведенные в период от 2019-07-01 00:00:00 до 2019-07-17 15:05:27
2025-05-13 06:06:24,810 -utils - INFO:рассчитывает кэшбек
2025-05-13 06:06:24,821 -utils - INFO:определяет 5 транзакциий по сумме операций за период
2025-05-13 06:06:24,826 -utils - INFO:фильтрует операции расхода
2025-05-13 06:06:24,830 -utils - INFO:фильтрует операции поступлений
2025-05-13 06:06:24,840 -utils - INFO:группирует расходы по категориям
2025-05-13 06:06:24,842 -utils - INFO:сортирует сгруппированнные расхаоды по сумме
2025-05-13 06:06:24,847 -utils - INFO:формирует список категорий относящихся к main
2025-05-13 06:06:24,852 -utils - INFO:выделяет 7 категорий по сумме платежа
2025-05-13 06:06:24,857 -utils - INFO:формирует словарь с данными о поступлениях
2025-05-13 06:06:24,861 -utils - INFO:фильтрует категории по заданному названию и формирует словарь с данными
2025-05-13 06:06:24,867 -utils - INFO:запрашивает курс валюты USD
2025-05-13 06:06:39,868 -utils - INFO:запрашивает курс валюты EUR
2025-05-13 06:06:54,872 -utils - INFO:запрашивает курс акции AAPL
2025-05-13 06:06:59,872 -utils - INFO:запрашивает курс акции AMZN
2025-05-13 06:07:04,874 -utils - INFO:запрашивает курс акции GOOGL
